<?xml version="1.0" encoding="UTF-8"?>
<!-- Generated by org.testng.reporters.JUnitReportReporter -->
<testsuite hostname="DESKTOP-J12660G" failures="0" tests="1" name="test.NewTest" time="1.190" errors="0" timestamp="2022-10-06T14:37:21 IST" skipped="0">
  <testcase classname="test.NewTest" name="f" time="1.190"/>
  <system-out/>
</testsuite> <!-- test.NewTest -->
